---------------------------------------------
PIC ASSEMBLER LISTING
Line    Address Opcode  Instruction
---------------------------------------------
0001    0000            ;----------------------------------------
0002    0000            ;Autor: Heine J. Morantin [2008-0215]
0003    0000            ;Proyecto de Lab. Microprocesadores 01
0004    0000            ;PWM & Selector de frecuencias [6 Rangos]
0005    0000            ;Version: Alpha 0.0.2
0006    0000            ;RAN01> 01.00Mhz
0007    0000            ;RAN02> 01.25MHz
0008    0000            ;RAN03> 02.50Mhz
0009    0000            ;RAN04> 05.00Mhz
0010    0000            ;RAN05> 01.00Khz - 20.00Khz
0011    0000            ;RAN06> 20.00Khz - 250.00Khz
0012    0000            ;----------------------------------------
0013    0000            
0014    0000            ;Configuracion Inicial
0015    0000            ;----------------------------------------
0016    0000            	ORG	0x00
0017    0000    1683    	bsf	STATUS,rp0
0018    0001    018F    	clrf	OSCCON 
0019    0002    0190    	clrf	OSCTUNE
0020    0003    019F    	clrf	ADCON1
0021    0004    3003    	movlw	0x03 
0022    0005    009B    	movwf	ANSEL 
0023    0006    0086    	movwf	TRISB 
0024    0007    30DF    	movlw	0xDF
0025    0008    0085    	movwf	TRISA
0026    0009    0081    	movwf	OPTION_REG
0027    000A    3080    	movlw	0x80
0028    000B    009F    	movwf	ADCON1
0029    000C    1283    	bcf	STATUS,rp0
0030    000D    300F    	movlw	0x0F
0031    000E    0097    	movwf	CCP1CON
0032    000F    019F    	clrf	ADCON0
0033    0010    141F    	bsf	ADCON0,0
0034    0011    0185    	clrf	PORTA
0035    0012    0186    	clrf	PORTB
0036    0013            
0037    0013            ;Modulo Selector de Frecuencia
0038    0013            ;----------------------------------------
0039    0013    1D05    SELFRE	btfss	PORTA,2
0040    0014    2818    	goto	$+4
0041    0015    1905    	btfsc	PORTA,2
0042    0016    2815    	goto 	$-1
0043    0017    2066    	call	RAN01
0044    0018            
0045    0018    1D85    	btfss	PORTA,3
0046    0019    281D    	goto	$+4
0047    001A    1985    	btfsc	PORTA,3
0048    001B    281A    	goto 	$-1
0049    001C    206F    	call	RAN02
0050    001D            
0051    001D    1E05    	btfss	PORTA,4
0052    001E    2822    	goto	$+4
0053    001F    1A05    	btfsc	PORTA,4
0054    0020    281F    	goto 	$-1
0055    0021    2078    	call	RAN03
0056    0022            	
0057    0022    1E85    	btfss	PORTA,5
0058    0023    2827    	goto	$+4
0059    0024    1A85    	btfsc	PORTA,5
0060    0025    2824    	goto 	$-1
0061    0026    2081    	call	RAN04
0062    0027            
0063    0027    1C06    	btfss	PORTB,0
0064    0028    282C    	goto	$+4
0065    0029    1806    	btfsc	PORTB,0
0066    002A    2829    	goto 	$-1
0067    002B    2089    	call	RAN05
0068    002C            
0069    002C    1C86    	btfss	PORTB,1
0070    002D    2831    	goto	$+4
0071    002E    1886    	btfsc	PORTB,1
0072    002F    282E    	goto 	$-1
0073    0030    208E    	call	RAN06
0074    0031            
0075    0031    1CA0    	btfss	0x20,1
0076    0032    2834    	goto 	$+2
0077    0033    2844    	goto	PWM
0078    0034            
0079    0034    1D20    	btfss	0x20,2
0080    0035    2837    	goto	$+2
0081    0036    2844    	goto	PWM
0082    0037            	
0083    0037    1DA0    	btfss	0x20,3
0084    0038    283A    	goto	$+2
0085    0039    2844    	goto	PWM
0086    003A            
0087    003A    1E20    	btfss	0x20,4
0088    003B    283D    	goto	$+2
0089    003C    2844    	goto	PWM
0090    003D            
0091    003D    1EA0    	btfss	0x20,5
0092    003E    2840    	goto	$+2
0093    003F    284E    	goto	PWMFRE
0094    0040            
0095    0040    1F20    	btfss	0x20,6
0096    0041    2843    	goto	$+2
0097    0042    284E    	goto	PWMFRE
0098    0043            
0099    0043    2813    	goto	SELFRE
0100    0044            
0101    0044            ;Modulo de PWM Only
0102    0044            ;----------------------------------------
0103    0044    151F    PWM	bsf	ADCON0,2
0104    0045    191F    WAIT0	btfsc	ADCON0,2
0105    0046    2845    	goto	WAIT0
0106    0047    081E    	movf	ADRESH,0
0107    0048    0095    	movwf	CCPR1L
0108    0049    1683    	bsf	STATUS,rp0
0109    004A    081E    	movf	ADRESL,0
0110    004B    1283    	bcf	STATUS,rp0
0111    004C    0096    	movwf	CCPR1H
0112    004D    2813    	goto 	SELFRE
0113    004E            
0114    004E            ;Modulo de PWM & FREQVAR 01
0115    004E            ;----------------------------------------
0116    004E    151F    PWMFRE	bsf	ADCON0,2 ; Enciende el CAD
0117    004F    191F    WAIT1	btfsc	ADCON0,2 ; Espera que termine la conversion
0118    0050    2845    	goto	WAIT0
0119    0051    081E    	movf	ADRESH,0 ; 
0120    0052    0095    	movwf	CCPR1L
0121    0053    1683    	bsf	STATUS,rp0
0122    0054    081E    	movf	ADRESL,0
0123    0055    1283    	bcf	STATUS,rp0
0124    0056    0096    	movwf	CCPR1H
0125    0057    1683    	bsf	STATUS,rp0
0126    0058    179F    	bsf	ADCON1,7
0127    0059    1283    	bcf	STATUS,rp0
0128    005A    159F    	bsf	ADCON0,3
0129    005B    151F    	bsf	ADCON0,2
0130    005C    191F    WAIT2	btfsc	ADCON0,2
0131    005D    284F    	goto	WAIT1
0132    005E    1112    	bcf	T2CON,2
0133    005F    1683    	bsf	STATUS,rp0	
0134    0060    139F    	bcf	ADCON1,7
0135    0061    081E    	movf	ADRESL,0
0136    0062    0092    	movwf	PR2
0137    0063    1283    	bcf	STATUS,rp0
0138    0064    1512    	bsf	T2CON,2
0139    0065    2813    	goto 	SELFRE
0140    0066            
0141    0066            ;Rangos de Frecuencias
0142    0066            ;----------------------------------------
0143    0066    0192    RAN01	clrf	T2CON
0144    0067    01A0    	clrf	0x20
0145    0068    1683    	bsf	STATUS,rp0
0146    0069    3004    	movlw	0x04
0147    006A    0092    	movwf	PR2
0148    006B    1283    	bcf	STATUS,rp0
0149    006C    14A0    	bsf	0x20,1
0150    006D    1512    	bsf 	T2CON,2
0151    006E    0008    	return
0152    006F            
0153    006F    0192    RAN02	clrf	T2CON
0154    0070    01A0    	clrf	0x20
0155    0071    1683    	bsf	STATUS,rp0
0156    0072    3002    	movlw	0x02
0157    0073    0092    	movwf	PR2
0158    0074    1283    	bcf	STATUS,rp0
0159    0075    1520    	bsf	0x20,2
0160    0076    1512    	bsf 	T2CON,2
0161    0077    0008    	return
0162    0078            	
0163    0078    0192    RAN03	clrf	T2CON
0164    0079    01A0    	clrf	0x20
0165    007A    1683    	bsf	STATUS,rp0
0166    007B    3001    	movlw	0x01
0167    007C    0092    	movwf	PR2
0168    007D    1283    	bcf	STATUS,rp0
0169    007E    1520    	bsf	0x20,2
0170    007F    1512    	bsf 	T2CON,2
0171    0080    0008    	return
0172    0081            
0173    0081    0192    RAN04	clrf	T2CON
0174    0082    01A0    	clrf	0x20
0175    0083    1683    	bsf	STATUS,rp0
0176    0084    0192    	clrf	PR2
0177    0085    1283    	bcf	STATUS,rp0
0178    0086    1620    	bsf	0x20,4
0179    0087    1512    	bsf 	T2CON,2
0180    0088    0008    	return
0181    0089            
0182    0089    0192    RAN05	clrf	T2CON
0183    008A    01A0    	clrf	0x20
0184    008B    16A0    	bsf	0x20,5
0185    008C    1492    	bsf	T2CON,1
0186    008D    0008    	return
0187    008E            
0188    008E    0192    RAN06	clrf	T2CON
0189    008F    01A0    	clrf	0x20
0190    0090    1720    	bsf	0x20,6
0191    0091    0008    	return		
---------------------------------------------
Number of errors = 0
